2015/04/02 23:30:14 [error] [php] include(CPasswordHelper.php): failed to open stream: No such file or directory (/Applications/MAMP/yii/framework/YiiBase.php:421)
Stack trace:
#0 /Applications/MAMP/htdocs/blog/protected/models/User.php(106): spl_autoload_call()
#1 /Applications/MAMP/htdocs/blog/protected/components/UserIdentity.php(32): User->validatePassword()
#2 /Applications/MAMP/htdocs/blog/protected/models/LoginForm.php(52): UserIdentity->authenticate()
#3 /Applications/MAMP/yii/framework/validators/CInlineValidator.php(42): LoginForm->authenticate()
#4 /Applications/MAMP/yii/framework/validators/CValidator.php(213): CInlineValidator->validateAttribute()
#5 /Applications/MAMP/yii/framework/base/CModel.php(159): CInlineValidator->validate()
#6 /Applications/MAMP/htdocs/blog/protected/controllers/SiteController.php(94): LoginForm->validate()
#7 /Applications/MAMP/yii/framework/web/actions/CInlineAction.php(49): SiteController->actionLogin()
#8 /Applications/MAMP/yii/framework/web/CController.php(308): CInlineAction->runWithParams()
#9 /Applications/MAMP/yii/framework/web/CController.php(286): SiteController->runAction()
#10 /Applications/MAMP/yii/framework/web/CController.php(265): SiteController->runActionWithFilters()
#11 /Applications/MAMP/yii/framework/web/CWebApplication.php(282): SiteController->run()
#12 /Applications/MAMP/yii/framework/web/CWebApplication.php(141): CWebApplication->runController()
#13 /Applications/MAMP/yii/framework/base/CApplication.php(169): CWebApplication->processRequest()
#14 /Applications/MAMP/htdocs/blog/index.php(13): CWebApplication->run()
REQUEST_URI=/blog/index.php?r=site/login
in /Applications/MAMP/htdocs/blog/protected/models/User.php (106)
in /Applications/MAMP/htdocs/blog/protected/components/UserIdentity.php (32)
in /Applications/MAMP/htdocs/blog/protected/models/LoginForm.php (52)
2015/04/02 23:32:14 [error] [php] include(CPasswordHelper.php): failed to open stream: No such file or directory (/Applications/MAMP/yii/framework/YiiBase.php:421)
Stack trace:
#0 /Applications/MAMP/htdocs/blog/protected/models/User.php(107): spl_autoload_call()
#1 /Applications/MAMP/htdocs/blog/protected/components/UserIdentity.php(32): User->validatePassword()
#2 /Applications/MAMP/htdocs/blog/protected/models/LoginForm.php(52): UserIdentity->authenticate()
#3 /Applications/MAMP/yii/framework/validators/CInlineValidator.php(42): LoginForm->authenticate()
#4 /Applications/MAMP/yii/framework/validators/CValidator.php(213): CInlineValidator->validateAttribute()
#5 /Applications/MAMP/yii/framework/base/CModel.php(159): CInlineValidator->validate()
#6 /Applications/MAMP/htdocs/blog/protected/controllers/SiteController.php(94): LoginForm->validate()
#7 /Applications/MAMP/yii/framework/web/actions/CInlineAction.php(49): SiteController->actionLogin()
#8 /Applications/MAMP/yii/framework/web/CController.php(308): CInlineAction->runWithParams()
#9 /Applications/MAMP/yii/framework/web/CController.php(286): SiteController->runAction()
#10 /Applications/MAMP/yii/framework/web/CController.php(265): SiteController->runActionWithFilters()
#11 /Applications/MAMP/yii/framework/web/CWebApplication.php(282): SiteController->run()
#12 /Applications/MAMP/yii/framework/web/CWebApplication.php(141): CWebApplication->runController()
#13 /Applications/MAMP/yii/framework/base/CApplication.php(169): CWebApplication->processRequest()
#14 /Applications/MAMP/htdocs/blog/index.php(13): CWebApplication->run()
REQUEST_URI=/blog/index.php?r=site/login
in /Applications/MAMP/htdocs/blog/protected/models/User.php (107)
in /Applications/MAMP/htdocs/blog/protected/components/UserIdentity.php (32)
in /Applications/MAMP/htdocs/blog/protected/models/LoginForm.php (52)
2015/04/02 23:36:33 [error] [php] include(CPasswordHelper.php): failed to open stream: No such file or directory (/Applications/MAMP/yii/framework/YiiBase.php:421)
Stack trace:
#0 /Applications/MAMP/htdocs/blog/protected/models/User.php(107): spl_autoload_call()
#1 /Applications/MAMP/htdocs/blog/protected/components/UserIdentity.php(32): User->validatePassword()
#2 /Applications/MAMP/htdocs/blog/protected/models/LoginForm.php(52): UserIdentity->authenticate()
#3 /Applications/MAMP/yii/framework/validators/CInlineValidator.php(42): LoginForm->authenticate()
#4 /Applications/MAMP/yii/framework/validators/CValidator.php(213): CInlineValidator->validateAttribute()
#5 /Applications/MAMP/yii/framework/base/CModel.php(159): CInlineValidator->validate()
#6 /Applications/MAMP/htdocs/blog/protected/controllers/SiteController.php(94): LoginForm->validate()
#7 /Applications/MAMP/yii/framework/web/actions/CInlineAction.php(49): SiteController->actionLogin()
#8 /Applications/MAMP/yii/framework/web/CController.php(308): CInlineAction->runWithParams()
#9 /Applications/MAMP/yii/framework/web/CController.php(286): SiteController->runAction()
#10 /Applications/MAMP/yii/framework/web/CController.php(265): SiteController->runActionWithFilters()
#11 /Applications/MAMP/yii/framework/web/CWebApplication.php(282): SiteController->run()
#12 /Applications/MAMP/yii/framework/web/CWebApplication.php(141): CWebApplication->runController()
#13 /Applications/MAMP/yii/framework/base/CApplication.php(169): CWebApplication->processRequest()
#14 /Applications/MAMP/htdocs/blog/index.php(13): CWebApplication->run()
REQUEST_URI=/blog/index.php?r=site/login
in /Applications/MAMP/htdocs/blog/protected/models/User.php (107)
in /Applications/MAMP/htdocs/blog/protected/components/UserIdentity.php (32)
in /Applications/MAMP/htdocs/blog/protected/models/LoginForm.php (52)
2015/04/02 23:36:43 [error] [php] include(CPasswordHelper.php): failed to open stream: No such file or directory (/Applications/MAMP/yii/framework/YiiBase.php:421)
Stack trace:
#0 /Applications/MAMP/htdocs/blog/protected/models/User.php(107): spl_autoload_call()
#1 /Applications/MAMP/htdocs/blog/protected/components/UserIdentity.php(32): User->validatePassword()
#2 /Applications/MAMP/htdocs/blog/protected/models/LoginForm.php(52): UserIdentity->authenticate()
#3 /Applications/MAMP/yii/framework/validators/CInlineValidator.php(42): LoginForm->authenticate()
#4 /Applications/MAMP/yii/framework/validators/CValidator.php(213): CInlineValidator->validateAttribute()
#5 /Applications/MAMP/yii/framework/base/CModel.php(159): CInlineValidator->validate()
#6 /Applications/MAMP/htdocs/blog/protected/controllers/SiteController.php(94): LoginForm->validate()
#7 /Applications/MAMP/yii/framework/web/actions/CInlineAction.php(49): SiteController->actionLogin()
#8 /Applications/MAMP/yii/framework/web/CController.php(308): CInlineAction->runWithParams()
#9 /Applications/MAMP/yii/framework/web/CController.php(286): SiteController->runAction()
#10 /Applications/MAMP/yii/framework/web/CController.php(265): SiteController->runActionWithFilters()
#11 /Applications/MAMP/yii/framework/web/CWebApplication.php(282): SiteController->run()
#12 /Applications/MAMP/yii/framework/web/CWebApplication.php(141): CWebApplication->runController()
#13 /Applications/MAMP/yii/framework/base/CApplication.php(169): CWebApplication->processRequest()
#14 /Applications/MAMP/htdocs/blog/index.php(13): CWebApplication->run()
REQUEST_URI=/blog/index.php?r=site/login
in /Applications/MAMP/htdocs/blog/protected/models/User.php (107)
in /Applications/MAMP/htdocs/blog/protected/components/UserIdentity.php (32)
in /Applications/MAMP/htdocs/blog/protected/models/LoginForm.php (52)
